<?xml version="1.0" encoding="UTF-8"?>
<testng-results ignored="0" total="1" passed="1" failed="0" skipped="0">
  <reporter-output>
  </reporter-output>
  <suite started-at="2025-09-24T02:05:13 IST" name="Default suite" finished-at="2025-09-24T02:05:26 IST" duration-ms="12846">
    <groups>
    </groups>
    <test started-at="2025-09-24T02:05:13 IST" name="Default test" finished-at="2025-09-24T02:05:26 IST" duration-ms="12846">
      <class name="testCase.LoginTest">
        <test-method is-config="true" signature="setUp(java.lang.String)[pri:0, instance:testCase.LoginTest@43bc63a3]" started-at="2025-09-24T02:05:13 IST" name="setUp" finished-at="2025-09-24T02:05:20 IST" duration-ms="6900" status="PASS">
          <params>
            <param index="0">
              <value>
                <![CDATA[Default Test]]>
              </value>
            </param>
          </params>
          <reporter-output>
          </reporter-output>
        </test-method> <!-- setUp -->
        <test-method signature="testLoginAndCheckout()[pri:0, instance:testCase.LoginTest@43bc63a3]" started-at="2025-09-24T02:05:20 IST" name="testLoginAndCheckout" finished-at="2025-09-24T02:05:26 IST" duration-ms="5454" status="PASS">
          <reporter-output>
          </reporter-output>
        </test-method> <!-- testLoginAndCheckout -->
        <test-method is-config="true" signature="tearDown()[pri:0, instance:testCase.LoginTest@43bc63a3]" started-at="2025-09-24T02:05:26 IST" name="tearDown" finished-at="2025-09-24T02:05:26 IST" duration-ms="458" status="PASS">
          <reporter-output>
          </reporter-output>
        </test-method> <!-- tearDown -->
      </class> <!-- testCase.LoginTest -->
    </test> <!-- Default test -->
  </suite> <!-- Default suite -->
</testng-results>
