<?xml version="1.0" encoding="UTF-8"?>
<testng-results ignored="0" total="1" passed="1" failed="0" skipped="0">
  <reporter-output>
  </reporter-output>
  <suite started-at="2025-09-23T23:07:05 IST" name="Default suite" finished-at="2025-09-23T23:07:25 IST" duration-ms="19987">
    <groups>
    </groups>
    <test started-at="2025-09-23T23:07:05 IST" name="Default test" finished-at="2025-09-23T23:07:25 IST" duration-ms="19987">
      <class name="testcase.LoginTest">
        <test-method is-config="true" signature="setUp()[pri:0, instance:testcase.LoginTest@67c27493]" started-at="2025-09-23T23:07:05 IST" name="setUp" finished-at="2025-09-23T23:07:12 IST" duration-ms="7087" status="PASS">
          <reporter-output>
          </reporter-output>
        </test-method> <!-- setUp -->
        <test-method signature="verifyLoginTest()[pri:0, instance:testcase.LoginTest@67c27493]" started-at="2025-09-23T23:07:12 IST" name="verifyLoginTest" finished-at="2025-09-23T23:07:24 IST" duration-ms="12509" status="PASS">
          <reporter-output>
          </reporter-output>
        </test-method> <!-- verifyLoginTest -->
        <test-method is-config="true" signature="tearDown()[pri:0, instance:testcase.LoginTest@67c27493]" started-at="2025-09-23T23:07:24 IST" name="tearDown" finished-at="2025-09-23T23:07:25 IST" duration-ms="350" status="PASS">
          <reporter-output>
          </reporter-output>
        </test-method> <!-- tearDown -->
      </class> <!-- testcase.LoginTest -->
    </test> <!-- Default test -->
  </suite> <!-- Default suite -->
</testng-results>
